[2022-06-18 16:37:13.409] [exthost] [info] Extension host with pid 24835 started
[2022-06-18 16:37:13.620] [exthost] [info] ExtensionService#_doActivateExtension vscode.microsoft-authentication, startup: false, activationEvent: 'onAuthenticationRequest:microsoft'
[2022-06-18 16:37:13.678] [exthost] [info] ExtensionService#_doActivateExtension vscode.debug-auto-launch, startup: true, activationEvent: '*'
[2022-06-18 16:37:13.690] [exthost] [info] ExtensionService#_doActivateExtension vscode.git-base, startup: true, activationEvent: '*', root cause: vscode.git
[2022-06-18 16:37:13.701] [exthost] [info] ExtensionService#_doActivateExtension vscode.ipynb, startup: true, activationEvent: '*'
[2022-06-18 16:37:13.948] [exthost] [info] ExtensionService#_doActivateExtension vscode.git, startup: true, activationEvent: '*'
[2022-06-18 16:37:13.994] [exthost] [info] ExtensionService#_doActivateExtension vscode.github, startup: true, activationEvent: '*'
[2022-06-18 16:37:14.172] [exthost] [info] Eager extensions activated
[2022-06-18 16:37:14.223] [exthost] [info] ExtensionService#_doActivateExtension vscode.emmet, startup: false, activationEvent: 'onStartupFinished'
[2022-06-18 16:37:14.235] [exthost] [info] ExtensionService#_doActivateExtension vscode.merge-conflict, startup: false, activationEvent: 'onStartupFinished'
[2022-06-18 16:37:14.244] [exthost] [info] ExtensionService#_doActivateExtension vscode.github-authentication, startup: false, activationEvent: 'onAuthenticationRequest:github'
[2022-06-18 17:04:40.936] [exthost] [info] ExtensionService#_doActivateExtension vscodevim.vim, startup: false, activationEvent: '*'
[2022-06-18 17:05:32.657] [exthost] [info] ExtensionService#_doActivateExtension vscode.configuration-editing, startup: false, activationEvent: 'onLanguage:jsonc'
[2022-06-18 17:05:32.666] [exthost] [info] ExtensionService#_doActivateExtension vscode.json-language-features, startup: false, activationEvent: 'onLanguage:jsonc'
[2022-06-18 17:05:32.770] [exthost] [info] ExtensionService#_doActivateExtension vscode.typescript-language-features, startup: false, activationEvent: 'onLanguage:jsonc'
[2022-06-18 17:09:10.097] [exthost] [warning] TextEditor is closed/disposed
[2022-06-18 17:09:10.097] [exthost] [warning] TextEditor is closed/disposed
[2022-06-18 17:09:10.322] [exthost] [warning] ExtHostTextEditorOptions 'setCursorStyle' failed:'
[2022-06-18 17:09:10.322] [exthost] [warning] {"name":"DISPOSED","message":"TextEditor(vs.editor.ICodeEditor:2,$model2) has been disposed"}
[2022-06-18 17:09:19.195] [exthost] [info] Extension host terminating: received terminate message from renderer
[2022-06-18 17:09:19.574] [exthost] [error] TypeError: Converting circular structure to JSON
    --> starting at object with constructor 't'
    |     property '_readableState' -> object with constructor 'M'
    |     property 'pipes' -> object with constructor 'Array'
    |     index 0 -> object with constructor 't.ConsoleForElectron'
    --- property 'parent' closes the circle
    at JSON.stringify (<anonymous>)
    at /home/lincentpega/.vscode/extensions/vscodevim.vim-1.22.2/src/register/register.ts:357:16
    at runMicrotasks (<anonymous>)
    at process.async (node:internal/process/task_queues:96:5)
    at Object.e.deactivate (/home/lincentpega/.vscode/extensions/vscodevim.vim-1.22.2/extension.ts:64:8)
    at async Promise.all (index 12)
    at g._deactivateAll (/opt/visual-studio-code/resources/app/out/vs/workbench/api/node/extensionHostProcess.js:88:10669)
[2022-06-18 17:09:19.578] [exthost] [info] Extension host with pid 24835 exiting with code 0
