00:00:00.291273 VirtualBox GUI VM Selector Window 6.1.34 r150636 linux.amd64 (May 30 2022 06:37:05) release log
00:00:00.291275 Log opened 2022-06-18T12:20:00.560085000Z
00:00:00.291275 Build Type: release
00:00:00.291277 OS Product: Linux
00:00:00.291278 OS Release: 5.18.5-arch1-1
00:00:00.291278 OS Version: #1 SMP PREEMPT_DYNAMIC Thu, 16 Jun 2022 20:40:45 +0000
00:00:00.291293 DMI Product Name: Aspire A315-42
00:00:00.291299 DMI Product Version: V1.10
00:00:00.291303 Firmware type: UEFI
00:00:00.291533 Secure Boot: Disabled
00:00:00.291568 Host RAM: 5869MB (5.7GB) total, 3700MB (3.6GB) available
00:00:00.291570 Executable: /usr/lib/virtualbox/VirtualBox
00:00:00.291571 Process ID: 19920
00:00:00.291571 Package type: LINUX_64BITS_GENERIC (OSE)
00:00:00.291609 Qt version: 5.15.4
00:00:00.311444 GUI: UIMediumEnumerator: Medium-enumeration started...
00:00:00.693591 GUI: UIDesktopWidgetWatchdog::sltHandleHostScreenAvailableGeometryCalculated: Screen 0 work area is actually resized to: 0x0 x 960x1054
00:00:00.711859 GUI: UIMediumEnumerator: Medium-enumeration finished!
00:00:29.181439 GUI: UIMediumEnumerator: Medium-enumeration finished!
00:00:39.407604 ERROR [COM]: aRC=NS_ERROR_UNEXPECTED (0x8000ffff) aIID={c0447716-ff5a-4795-b57a-ecd5fffa18a4} aComponent={SessionWrap} aText={The session is not locked (session state: Unlocked)}, preserve=false aResultDetail=0
00:00:49.676356 GUI: UIMediumEnumerator: Medium-enumeration finished!
00:01:14.246635 ERROR [COM]: aRC=NS_ERROR_UNEXPECTED (0x8000ffff) aIID={c0447716-ff5a-4795-b57a-ecd5fffa18a4} aComponent={SessionWrap} aText={The session is not locked (session state: Unlocked)}, preserve=false aResultDetail=0
00:01:27.536882 GUI: UIMediumEnumerator: Medium-enumeration finished!
00:02:08.356303 GUI: UIMediumEnumerator: Medium-enumeration finished!
00:02:13.196055 ERROR [COM]: aRC=NS_ERROR_UNEXPECTED (0x8000ffff) aIID={c0447716-ff5a-4795-b57a-ecd5fffa18a4} aComponent={SessionWrap} aText={The session is not locked (session state: Unlocked)}, preserve=false aResultDetail=0
00:02:42.410235 GUI: UIMediumEnumerator: Medium-enumeration finished!
00:11:11.399116 ERROR [COM]: aRC=NS_ERROR_UNEXPECTED (0x8000ffff) aIID={c0447716-ff5a-4795-b57a-ecd5fffa18a4} aComponent={SessionWrap} aText={The session is not locked (session state: Unlocked)}, preserve=false aResultDetail=0
00:11:28.921357 GUI: UIMediumEnumerator: Medium-enumeration finished!
